<?xml version="1.0" encoding="UTF-8"?>
<!-- Generated by org.testng.reporters.JUnitReportReporter -->
<testsuite skipped="0" hostname="PC1574" name="MavenTest.Test1.App" tests="1" failures="0" timestamp="30 May 2018 12:43:03 GMT" time="26.162" errors="0">
  <testcase name="firstSearchResultIsRelatedTest" time="26.162" classname="MavenTest.Test1.App"/>
</testsuite> <!-- MavenTest.Test1.App -->
