<?xml version="1.0" encoding="UTF-8"?>
<!-- Generated by org.testng.reporters.JUnitReportReporter -->
<testsuite skipped="0" hostname="PC1574" name="MavenTest.Test1.Test_launch" tests="1" failures="0" timestamp="31 May 2018 12:23:31 GMT" time="20.760" errors="0">
  <testcase name="firstSearchResultIsRelatedTest" time="20.760" classname="MavenTest.Test1.Test_launch"/>
</testsuite> <!-- MavenTest.Test1.Test_launch -->
